/scratch/ppdml003/hyfshishen-SC24-cuSZp2-85ce693/double-precision-results /scratch/ppdml003/hyfshishen-SC24-cuSZp2-85ce693
====================================================================
Done with Execution GSZ-P and GSZ-O on [31mnwchem[0m under [31m1E-2[0m
GSZ-P   compression throughput: 404.576371 GB/s
GSZ-P decompression throughput: 1137.204217 GB/s
GSZ-P    max compression ratio: 82.506696
GSZ-P    min compression ratio: 82.506696
GSZ-P    avg compression ratio: 82.506696

GSZ-O   compression throughput: 399.946526 GB/s
GSZ-O decompression throughput: 1109.285995 GB/s
GSZ-O    max compression ratio: 82.51842
GSZ-O    min compression ratio: 82.51842
GSZ-O    avg compression ratio: 82.51842
====================================================================

====================================================================
Done with Execution GSZ-P and GSZ-O on [31ms3d[0m under [31m1E-2[0m
GSZ-P   compression throughput: 3.743106036130323e+48 GB/s
GSZ-P decompression throughput: 3.743106036130323e+48 GB/s
GSZ-P    max compression ratio: 170.665531
GSZ-P    min compression ratio: 170.665531
GSZ-P    avg compression ratio: 170.665531

GSZ-O   compression throughput: 3.743106036130323e+48 GB/s
GSZ-O decompression throughput: 3.743106036130323e+48 GB/s
GSZ-O    max compression ratio: 170.665531
GSZ-O    min compression ratio: 170.665531
GSZ-O    avg compression ratio: 170.665531
====================================================================

====================================================================
Done with Execution GSZ-P and GSZ-O on [31mnwchem[0m under [31m1E-3[0m
GSZ-P   compression throughput: 367.798168 GB/s
GSZ-P decompression throughput: 390.498788 GB/s
GSZ-P    max compression ratio: 26.854031
GSZ-P    min compression ratio: 26.854031
GSZ-P    avg compression ratio: 26.854031

GSZ-O   compression throughput: 362.959417 GB/s
GSZ-O decompression throughput: 391.26674 GB/s
GSZ-O    max compression ratio: 26.865836
GSZ-O    min compression ratio: 26.865836
GSZ-O    avg compression ratio: 26.865836
====================================================================

====================================================================
Done with Execution GSZ-P and GSZ-O on [31ms3d[0m under [31m1E-3[0m
GSZ-P   compression throughput: 3.743106036130323e+48 GB/s
GSZ-P decompression throughput: 3.743106036130323e+48 GB/s
GSZ-P    max compression ratio: 170.665531
GSZ-P    min compression ratio: 170.665531
GSZ-P    avg compression ratio: 170.665531

GSZ-O   compression throughput: 3.743106036130323e+48 GB/s
GSZ-O decompression throughput: 3.743106036130323e+48 GB/s
GSZ-O    max compression ratio: 170.665531
GSZ-O    min compression ratio: 170.665531
GSZ-O    avg compression ratio: 170.665531
====================================================================

====================================================================
Done with Execution GSZ-P and GSZ-O on [31mnwchem[0m under [31m1E-4[0m
GSZ-P   compression throughput: 347.422395 GB/s
GSZ-P decompression throughput: 284.229134 GB/s
GSZ-P    max compression ratio: 13.730661
GSZ-P    min compression ratio: 13.730661
GSZ-P    avg compression ratio: 13.730661

GSZ-O   compression throughput: 339.355108 GB/s
GSZ-O decompression throughput: 278.340331 GB/s
GSZ-O    max compression ratio: 13.737679
GSZ-O    min compression ratio: 13.737679
GSZ-O    avg compression ratio: 13.737679
====================================================================

====================================================================
Done with Execution GSZ-P and GSZ-O on [31ms3d[0m under [31m1E-4[0m
GSZ-P   compression throughput: 3.743106036130323e+48 GB/s
GSZ-P decompression throughput: 3.743106036130323e+48 GB/s
GSZ-P    max compression ratio: 170.665531
GSZ-P    min compression ratio: 170.665531
GSZ-P    avg compression ratio: 170.665531

GSZ-O   compression throughput: 3.743106036130323e+48 GB/s
GSZ-O decompression throughput: 3.743106036130323e+48 GB/s
GSZ-O    max compression ratio: 170.665531
GSZ-O    min compression ratio: 170.665531
GSZ-O    avg compression ratio: 170.665531
====================================================================

/scratch/ppdml003/hyfshishen-SC24-cuSZp2-85ce693
